This is pdfTeXk, Version 3.141592-1.40.3 (Web2C 7.5.6) (format=pdflatex 2007.5.18)  6 JUL 2010 12:34
entering extended mode
 %&-line parsing enabled.
**smallsemi
(./smallsemi.tex
LaTeX2e <2005/12/01>
Babel <v3.8h> and hyphenation patterns for english, usenglishmax, dumylang, noh
yphenation, arabic, basque, bulgarian, coptic, welsh, czech, slovak, german, ng
erman, danish, esperanto, spanish, catalan, galician, estonian, farsi, finnish,
 french, greek, monogreek, ancientgreek, croatian, hungarian, interlingua, ibyc
us, indonesian, icelandic, italian, latin, mongolian, dutch, norsk, polish, por
tuguese, pinyin, romanian, russian, slovenian, uppersorbian, serbian, swedish, 
turkish, ukenglish, ukrainian, loaded.
(/usr/local/texlive/2007/texmf-dist/tex/latex/base/report.cls
Document Class: report 2005/09/16 v1.4f Standard LaTeX document class
(/usr/local/texlive/2007/texmf-dist/tex/latex/base/size11.clo
File: size11.clo 2005/09/16 v1.4f Standard LaTeX file (size option)
)
\c@part=\count79
\c@chapter=\count80
\c@section=\count81
\c@subsection=\count82
\c@subsubsection=\count83
\c@paragraph=\count84
\c@subparagraph=\count85
\c@figure=\count86
\c@table=\count87
\abovecaptionskip=\skip41
\belowcaptionskip=\skip42
\bibindent=\dimen102
)
(/usr/local/texlive/2007/texmf-dist/tex/latex/ltxmisc/a4wide.sty
Package: a4wide 1994/08/30

(/usr/local/texlive/2007/texmf-dist/tex/latex/ntgclass/a4.sty
Package: a4 2004/04/15 v1.2g A4 based page layout
))
(/usr/local/texlive/2007/texmf-dist/tex/latex/amsfonts/amssymb.sty
Package: amssymb 2002/01/22 v2.2d

(/usr/local/texlive/2007/texmf-dist/tex/latex/amsfonts/amsfonts.sty
Package: amsfonts 2001/10/25 v2.2f
\@emptytoks=\toks14
\symAMSa=\mathgroup4
\symAMSb=\mathgroup5
LaTeX Font Info:    Overwriting math alphabet `\mathfrak' in version `bold'
(Font)                  U/euf/m/n --> U/euf/b/n on input line 132.
))
(/usr/local/texlive/2007/texmf-dist/tex/latex/base/inputenc.sty
Package: inputenc 2006/05/05 v1.1b Input encoding file
\inpenc@prehook=\toks15
\inpenc@posthook=\toks16

(/usr/local/texlive/2007/texmf-dist/tex/latex/base/latin1.def
File: latin1.def 2006/05/05 v1.1b Input encoding file
))
(/usr/local/texlive/2007/texmf-dist/tex/latex/base/makeidx.sty
Package: makeidx 2000/03/29 v1.0m Standard LaTeX package
)
\@indexfile=\write3
\openout3 = `smallsemi.idx'.


Writing index file smallsemi.idx
(/usr/local/texlive/2007/texmf-dist/tex/latex/graphics/color.sty
Package: color 2005/11/14 v1.0j Standard LaTeX Color (DPC)

(/usr/local/texlive/2007/texmf/tex/latex/config/color.cfg
File: color.cfg 2007/01/18 v1.5 color configuration of teTeX/TeXLive
)
Package color Info: Driver file: pdftex.def on input line 130.

(/usr/local/texlive/2007/texmf-dist/tex/latex/pdftex-def/pdftex.def
File: pdftex.def 2007/01/08 v0.04d Graphics/color for pdfTeX
\Gread@gobject=\count88
))
(/usr/local/texlive/2007/texmf-dist/tex/latex/fancyvrb/fancyvrb.sty
Package: fancyvrb 1998/07/17

Style option: `fancyvrb' v2.6, with DG/SPQR fixes <1998/07/17> (tvz)
(/usr/local/texlive/2007/texmf-dist/tex/latex/graphics/keyval.sty
Package: keyval 1999/03/16 v1.13 key=value parser (DPC)
\KV@toks@=\toks17
)
\FV@CodeLineNo=\count89
\FV@InFile=\read1
\FV@TabBox=\box26
\c@FancyVerbLine=\count90
\FV@StepNumber=\count91
\FV@OutFile=\write4

No file fancyvrb.cfg.
) (/usr/local/texlive/2007/texmf-dist/tex/latex/pslatex/pslatex.sty
Package: pslatex 1996/07/24 v1.2 pslatex emulation (DPC)
LaTeX Font Info:    Redeclaring symbol font `operators' on input line 65.
LaTeX Font Info:    Overwriting symbol font `operators' in version `normal'
(Font)                  OT1/cmr/m/n --> OT1/ptmcm/m/n on input line 65.
LaTeX Font Info:    Overwriting symbol font `operators' in version `bold'
(Font)                  OT1/cmr/bx/n --> OT1/ptmcm/m/n on input line 65.
LaTeX Font Info:    Redeclaring symbol font `letters' on input line 66.
LaTeX Font Info:    Overwriting symbol font `letters' in version `normal'
(Font)                  OML/cmm/m/it --> OML/ptmcm/m/it on input line 66.
LaTeX Font Info:    Overwriting symbol font `letters' in version `bold'
(Font)                  OML/cmm/b/it --> OML/ptmcm/m/it on input line 66.
LaTeX Font Info:    Redeclaring symbol font `symbols' on input line 67.
LaTeX Font Info:    Overwriting symbol font `symbols' in version `normal'
(Font)                  OMS/cmsy/m/n --> OMS/pzccm/m/n on input line 67.
LaTeX Font Info:    Overwriting symbol font `symbols' in version `bold'
(Font)                  OMS/cmsy/b/n --> OMS/pzccm/m/n on input line 67.
LaTeX Font Info:    Redeclaring symbol font `largesymbols' on input line 68.
LaTeX Font Info:    Overwriting symbol font `largesymbols' in version `normal'
(Font)                  OMX/cmex/m/n --> OMX/psycm/m/n on input line 68.
LaTeX Font Info:    Overwriting symbol font `largesymbols' in version `bold'
(Font)                  OMX/cmex/m/n --> OMX/psycm/m/n on input line 68.
\symbold=\mathgroup6
\symitalic=\mathgroup7
LaTeX Font Info:    Redeclaring math alphabet \mathbf on input line 74.
LaTeX Font Info:    Overwriting math alphabet `\mathbf' in version `normal'
(Font)                  OT1/cmr/bx/n --> OT1/ptm/bx/n on input line 74.
LaTeX Font Info:    Overwriting math alphabet `\mathbf' in version `bold'
(Font)                  OT1/cmr/bx/n --> OT1/ptm/bx/n on input line 74.
LaTeX Font Info:    Redeclaring math alphabet \mathit on input line 75.
LaTeX Font Info:    Overwriting math alphabet `\mathit' in version `normal'
(Font)                  OT1/cmr/m/it --> OT1/ptm/m/it on input line 75.
LaTeX Font Info:    Overwriting math alphabet `\mathit' in version `bold'
(Font)                  OT1/cmr/bx/it --> OT1/ptm/m/it on input line 75.
)
(/usr/local/texlive/2007/texmf-dist/tex/latex/hyperref/hyperref.sty
Package: hyperref 2007/02/07 v6.75r Hypertext links for LaTeX
\@linkdim=\dimen103
\Hy@linkcounter=\count92
\Hy@pagecounter=\count93

(/usr/local/texlive/2007/texmf-dist/tex/latex/hyperref/pd1enc.def
File: pd1enc.def 2007/02/07 v6.75r Hyperref: PDFDocEncoding definition (HO)
)
(/usr/local/texlive/2007/texmf/tex/latex/config/hyperref.cfg
File: hyperref.cfg 2002/06/06 v1.2 hyperref configuration of TeXLive
)
(/usr/local/texlive/2007/texmf-dist/tex/latex/oberdiek/kvoptions.sty
Package: kvoptions 2006/08/22 v2.4 Connects package keyval with LaTeX options (
HO)
)
Package hyperref Info: Option `bookmarks' set `false' on input line 2238.
Package hyperref Info: Option `colorlinks' set `true' on input line 2238.
Package hyperref Info: Option `breaklinks' set `true' on input line 2238.
Package hyperref Info: Hyper figures OFF on input line 2288.
Package hyperref Info: Link nesting OFF on input line 2293.
Package hyperref Info: Hyper index ON on input line 2296.
Package hyperref Info: Plain pages OFF on input line 2303.
Package hyperref Info: Backreferencing ON on input line 2306.

Implicit mode ON; LaTeX internals redefined
Package hyperref Info: Bookmarks OFF on input line 2450.
(/usr/local/texlive/2007/texmf-dist/tex/latex/hyperref/backref.sty
Package: backref 2006/10/06 v1.27 Bibliographical back referencing
)
(/usr/local/texlive/2007/texmf-dist/tex/latex/ltxmisc/url.sty
\Urlmuskip=\muskip10
Package: url 2005/06/27  ver 3.2  Verb mode for urls, etc.
)
LaTeX Info: Redefining \url on input line 2599.
\Fld@menulength=\count94
\Field@Width=\dimen104
\Fld@charsize=\dimen105
\Choice@toks=\toks18
\Field@toks=\toks19
Package hyperref Info: Hyper figures OFF on input line 3102.
Package hyperref Info: Link nesting OFF on input line 3107.
Package hyperref Info: Hyper index ON on input line 3110.
Package hyperref Info: backreferencing ON on input line 3115.
Package hyperref Info: Link coloring ON on input line 3120.
\Hy@abspage=\count95
\c@Item=\count96
\c@Hfootnote=\count97
)
*hyperref using driver hpdftex*
(/usr/local/texlive/2007/texmf-dist/tex/latex/hyperref/hpdftex.def
File: hpdftex.def 2007/02/07 v6.75r Hyperref driver for pdfTeX
\Fld@listcount=\count98
)
\pagenrlog=\write5
\openout5 = `smallsemi.pnr'.


(./smallsemi.aux)
\openout1 = `smallsemi.aux'.

LaTeX Font Info:    Checking defaults for OML/cmm/m/it on input line 43.
LaTeX Font Info:    ... okay on input line 43.
LaTeX Font Info:    Checking defaults for T1/cmr/m/n on input line 43.
LaTeX Font Info:    ... okay on input line 43.
LaTeX Font Info:    Checking defaults for OT1/cmr/m/n on input line 43.
LaTeX Font Info:    ... okay on input line 43.
LaTeX Font Info:    Checking defaults for OMS/pzccm/m/n on input line 43.
LaTeX Font Info:    Try loading font information for OMS+pzccm on input line 43
.

(/usr/local/texlive/2007/texmf-dist/tex/latex/psnfss/omspzccm.fd
File: omspzccm.fd 2000/01/03 Fontinst v1.801 font definitions for OMS/pzccm.
)
LaTeX Font Info:    ... okay on input line 43.
LaTeX Font Info:    Checking defaults for OMX/cmex/m/n on input line 43.
LaTeX Font Info:    ... okay on input line 43.
LaTeX Font Info:    Checking defaults for U/cmr/m/n on input line 43.
LaTeX Font Info:    ... okay on input line 43.
LaTeX Font Info:    Checking defaults for PD1/pdf/m/n on input line 43.
LaTeX Font Info:    ... okay on input line 43.

(/usr/local/texlive/2007/texmf-dist/tex/context/base/supp-pdf.tex
[Loading MPS to PDF converter (version 2006.09.02).]
\scratchcounter=\count99
\scratchdimen=\dimen106
\scratchbox=\box27
\nofMPsegments=\count100
\nofMParguments=\count101
\MPscratchCnt=\count102
\MPscratchDim=\dimen107
\MPnumerator=\count103
\everyMPtoPDFconversion=\toks20
)
Package hyperref Info: Link coloring ON on input line 43.
 (/usr/local/texlive/2007/texmf-dist/tex/latex/hyperref/nameref.sty
Package: nameref 2006/12/27 v2.28 Cross-referencing by name of section

(/usr/local/texlive/2007/texmf-dist/tex/latex/oberdiek/refcount.sty
Package: refcount 2006/02/20 v3.0 Data extraction from references (HO)
)
\c@section@level=\count104
)
LaTeX Info: Redefining \ref on input line 43.
LaTeX Info: Redefining \pageref on input line 43.
LaTeX Font Info:    Font shape `OT1/ptm/bx/n' in size <24.88> not available
(Font)              Font shape `OT1/ptm/b/n' tried instead on input line 47.
LaTeX Font Info:    Font shape `OT1/phv/bx/n' in size <24.88> not available
(Font)              Font shape `OT1/phv/b/n' tried instead on input line 47.
LaTeX Font Info:    Font shape `OT1/phv/b/n' will be
(Font)              scaled to size 22.39185pt on input line 47.
LaTeX Font Info:    Font shape `OT1/ptm/bx/n' in size <12> not available
(Font)              Font shape `OT1/ptm/b/n' tried instead on input line 52.
LaTeX Font Info:    Font shape `OT1/ptm/bx/n' in size <10> not available
(Font)              Font shape `OT1/ptm/b/n' tried instead on input line 59.

Underfull \hbox (badness 10000) in paragraph at lines 57--77

 []

[1

{/usr/local/texlive/2007/texmf-var/fonts/map/pdftex/updmap/pdftex.map}]
LaTeX Font Info:    Font shape `OT1/ptm/bx/n' in size <14.4> not available
(Font)              Font shape `OT1/ptm/b/n' tried instead on input line 81.
LaTeX Font Info:    Font shape `OMS/ptm/m/n' in size <10> not available
(Font)              Font shape `OMS/pzccm/m/n' tried instead on input line 83.
LaTeX Font Info:    Font shape `OT1/phv/m/n' will be
(Font)              scaled to size 8.99994pt on input line 85.

Underfull \hbox (badness 10000) in paragraph at lines 96--99

 []


Underfull \hbox (badness 10000) in paragraph at lines 101--107

 []


Underfull \hbox (badness 10000) in paragraph at lines 111--114

 []

LaTeX Font Info:    Font shape `OT1/phv/m/sl' will be
(Font)              scaled to size 7.19995pt on input line 114.
[2] (./smallsemi.toc
LaTeX Font Info:    Font shape `OT1/ptm/bx/n' in size <10.95> not available
(Font)              Font shape `OT1/ptm/b/n' tried instead on input line 1.
LaTeX Font Info:    Try loading font information for OT1+ptmcm on input line 2.


(/usr/local/texlive/2007/texmf-dist/tex/latex/psnfss/ot1ptmcm.fd
File: ot1ptmcm.fd 2000/01/03 Fontinst v1.801 font definitions for OT1/ptmcm.
)
LaTeX Font Info:    Try loading font information for OML+ptmcm on input line 2.


(/usr/local/texlive/2007/texmf-dist/tex/latex/psnfss/omlptmcm.fd
File: omlptmcm.fd 2000/01/03 Fontinst v1.801 font definitions for OML/ptmcm.
)
LaTeX Font Info:    Try loading font information for OMX+psycm on input line 2.


(/usr/local/texlive/2007/texmf-dist/tex/latex/psnfss/omxpsycm.fd
File: omxpsycm.fd 2000/01/03 Fontinst v1.801 font definitions for OMX/psycm.
)
LaTeX Font Info:    Try loading font information for U+msa on input line 2.

(/usr/local/texlive/2007/texmf-dist/tex/latex/amsfonts/umsa.fd
File: umsa.fd 2002/01/19 v2.2g AMS font definitions
)
LaTeX Font Info:    Try loading font information for U+msb on input line 2.

(/usr/local/texlive/2007/texmf-dist/tex/latex/amsfonts/umsb.fd
File: umsb.fd 2002/01/19 v2.2g AMS font definitions
)
LaTeX Font Info:    Font shape `OT1/ptm/bx/n' in size <8> not available
(Font)              Font shape `OT1/ptm/b/n' tried instead on input line 2.
LaTeX Font Info:    Font shape `OT1/ptm/bx/n' in size <6> not available
(Font)              Font shape `OT1/ptm/b/n' tried instead on input line 2.
LaTeX Font Info:    Font shape `OT1/phv/m/n' will be
(Font)              scaled to size 9.85492pt on input line 7.
 [3

] [4])
\tf@toc=\write6
\openout6 = `smallsemi.toc'.


[5]
Chapter 1.
LaTeX Font Info:    Font shape `OT1/ptm/bx/n' in size <20.74> not available
(Font)              Font shape `OT1/ptm/b/n' tried instead on input line 122.
[6

]
LaTeX Font Info:    Font shape `OT1/phv/bx/n' in size <12> not available
(Font)              Font shape `OT1/phv/b/n' tried instead on input line 243.
LaTeX Font Info:    Font shape `OT1/phv/b/n' will be
(Font)              scaled to size 10.79993pt on input line 243.
 [7]
Underfull \hbox (badness 1199) in paragraph at lines 251--252
\OT1/pcr/m/n/10.95 smallsemi0r6p2.tar.gz \OT1/ptm/m/n/10.95 at the prompt for t
he gzipped \OT1/pcr/m/n/10.95 tar\OT1/ptm/m/n/10.95 -archive. A sub-di-rec-tory

 []

[8]
Underfull \hbox (badness 10000) in paragraph at lines 356--357
\OT1/ptm/m/n/10.95 If you are us-ing \OT1/phv/m/n/10.95 Small-semi \OT1/ptm/m/n
/10.95 reg-u-larly you might want to put the com-mand
 []

[9]
Chapter 2.
[10

]
LaTeX Font Info:    Try loading font information for OML+pcr on input line 436.

 (/usr/local/texlive/2007/texmf-dist/tex/latex/psnfss/omlpcr.fd
File: omlpcr.fd 
)
LaTeX Font Info:    Font shape `OML/pcr/m/n' in size <10.95> not available
(Font)              Font shape `OML/cmm/m/it' tried instead on input line 436.
 [11]
Chapter 3.
[12

] [13] [14] [15] [16] [17] [18]
Chapter 4.

Underfull \hbox (badness 10000) in paragraph at lines 861--867

 []


Underfull \hbox (badness 10000) in paragraph at lines 890--893

 []


Underfull \hbox (badness 1314) in paragraph at lines 895--896
[]\OT1/ptm/m/n/10.95 returns \OT1/pcr/m/n/10.95 true \OT1/ptm/m/n/10.95 if [] i
s a semi-group from the li-brary, that is if it was cre-ated us-ing
 []

[19

]
Underfull \hbox (badness 10000) in paragraph at lines 915--918

 []


Underfull \hbox (badness 6094) in paragraph at lines 922--923
[][] \OT1/ptm/m/n/10.95 is a rep-re-sen-ta-tion sat-is-fy-ing []
 []


Underfull \hbox (badness 10000) in paragraph at lines 922--923
\OT1/ptm/m/n/10.95 and \OT1/pcr/m/n/10.95 IsMultiplicativeElement \OT1/ptm/m/n/
10.95 (\OT1/ptm/b/n/10.95 Reference: Is-Mul-ti-plica-tiveEle-ment\OT1/ptm/m/n/1
0.95 ) and
 []


Underfull \hbox (badness 10000) in paragraph at lines 937--943

 []

[20]
Underfull \hbox (badness 10000) in paragraph at lines 970--971
[]\OT1/ptm/m/n/10.95 To cre-ate a semi-group with the mul-ti-pli-ca-tion ta-ble
 ob-tained by
 []


Underfull \hbox (badness 10000) in paragraph at lines 977--980

 []


Underfull \hbox (badness 10000) in paragraph at lines 999--1002

 []


Underfull \hbox (badness 10000) in paragraph at lines 1018--1021

 []


Underfull \hbox (badness 10000) in paragraph at lines 1040--1043

 []

[21]
Underfull \hbox (badness 10000) in paragraph at lines 1053--1056

 []

LaTeX Font Info:    Font shape `OMS/ptm/m/n' in size <10.95> not available
(Font)              Font shape `OMS/pzccm/m/n' tried instead on input line 1075
.
[22]
Underfull \hbox (badness 10000) in paragraph at lines 1098--1101

 []


Underfull \hbox (badness 10000) in paragraph at lines 1120--1123

 []

[23]
Underfull \hbox (badness 10000) in paragraph at lines 1164--1167

 []


Underfull \hbox (badness 10000) in paragraph at lines 1191--1194

 []


Underfull \hbox (badness 10000) in paragraph at lines 1217--1220

 []

[24]
Underfull \hbox (badness 10000) in paragraph at lines 1243--1246

 []


Underfull \hbox (badness 10000) in paragraph at lines 1278--1284

 []

[25]
Underfull \hbox (badness 10000) in paragraph at lines 1315--1318

 []


Underfull \hbox (badness 10000) in paragraph at lines 1342--1345

 []

[26]
Underfull \hbox (badness 10000) in paragraph at lines 1371--1374

 []


Underfull \hbox (badness 10000) in paragraph at lines 1392--1398

 []


Underfull \hbox (badness 10000) in paragraph at lines 1428--1431

 []

[27]
Underfull \hbox (badness 10000) in paragraph at lines 1453--1456

 []


Underfull \hbox (badness 10000) in paragraph at lines 1478--1481

 []


Underfull \hbox (badness 10000) in paragraph at lines 1507--1510

 []

[28]
Underfull \hbox (badness 10000) in paragraph at lines 1534--1537

 []


Underfull \hbox (badness 10000) in paragraph at lines 1563--1566

 []

[29]
Underfull \hbox (badness 10000) in paragraph at lines 1590--1593

 []


Underfull \hbox (badness 10000) in paragraph at lines 1611--1617

 []


Underfull \hbox (badness 10000) in paragraph at lines 1641--1644

 []

[30]
Underfull \hbox (badness 10000) in paragraph at lines 1665--1668

 []


Underfull \hbox (badness 10000) in paragraph at lines 1688--1691

 []


Underfull \hbox (badness 10000) in paragraph at lines 1715--1718

 []

[31]
Underfull \hbox (badness 10000) in paragraph at lines 1738--1741

 []


Underfull \hbox (badness 10000) in paragraph at lines 1763--1766

 []


Underfull \hbox (badness 10000) in paragraph at lines 1787--1790

 []

[32]
Underfull \hbox (badness 10000) in paragraph at lines 1811--1817

 []


Underfull \hbox (badness 10000) in paragraph at lines 1841--1844

 []


Underfull \hbox (badness 10000) in paragraph at lines 1871--1874

 []

[33]
Underfull \hbox (badness 10000) in paragraph at lines 1898--1901

 []


Underfull \hbox (badness 10000) in paragraph at lines 1937--1940

 []

[34]
Underfull \hbox (badness 10000) in paragraph at lines 1962--1965

 []


Underfull \hbox (badness 10000) in paragraph at lines 1987--1990

 []

[35]
Underfull \hbox (badness 10000) in paragraph at lines 2024--2025
[]\OT1/ptm/m/n/10.95 The fol-low-ing func-tions have the same us-age but may re
-turn dif-fer-ent val-
 []


Underfull \hbox (badness 10000) in paragraph at lines 2024--2025
\OT1/ptm/m/n/10.95 ues: \OT1/pcr/m/n/10.95 EnumeratorOfSmallSemigroups \OT1/ptm
/m/n/10.95 ([][]4.3.2[][]), \OT1/pcr/m/n/10.95 AllSmallSemigroups \OT1/ptm/m/n/
10.95 ([][]4.3.1[][]),
 []


Underfull \hbox (badness 10000) in paragraph at lines 2024--2025
\OT1/pcr/m/n/10.95 EnumeratorSortedOfSmallSemigroups \OT1/ptm/m/n/10.95 ([][]4.
3.4[][]), \OT1/pcr/m/n/10.95 IdsOfSmallSemigroups \OT1/ptm/m/n/10.95 ([][]4.3.7
[][]),
 []


Underfull \hbox (badness 5091) in paragraph at lines 2024--2025
\OT1/pcr/m/n/10.95 IteratorOfSmallSemigroups \OT1/ptm/m/n/10.95 ([][]4.3.11[][]
), \OT1/pcr/m/n/10.95 NrSmallSemigroups \OT1/ptm/m/n/10.95 ([][]4.3.15[][]), \O
T1/pcr/m/n/10.95 OneSmallSemigroup
 []


Underfull \hbox (badness 2735) in paragraph at lines 2035--2036
[]\OT1/ptm/m/n/10.95 For ex-am-ple, to ob-tain all the com-mu-ta-tive semi-grou
ps with [] idem-po-tents of sizes
 []


Underfull \hbox (badness 2057) in paragraph at lines 2035--2036
[] \OT1/ptm/m/n/10.95 to [] use one of \OT1/pcr/m/n/10.95 EnumeratorOfSmallSemi
groups \OT1/ptm/m/n/10.95 ([][]4.3.2[][]), \OT1/pcr/m/n/10.95 AllSmallSemigroup
s \OT1/ptm/m/n/10.95 ([][]4.3.1[][]),
 []


Underfull \hbox (badness 5504) in paragraph at lines 2040--2044
\OT1/ptm/m/n/10.95 ([][]4.3.2[][]), \OT1/pcr/m/n/10.95 EnumeratorSortedOfSmallS
emigroups \OT1/ptm/m/n/10.95 ([][]4.3.4[][]), and \OT1/pcr/m/n/10.95 IteratorOf
SmallSemigroups
 []

[36]
Underfull \hbox (badness 10000) in paragraph at lines 2075--2078

 []

[37]
Underfull \hbox (badness 10000) in paragraph at lines 2119--2122

 []


Underfull \hbox (badness 2818) in paragraph at lines 2133--2134
[]\OT1/ptm/m/n/10.95 If \OT1/pcr/m/n/10.95 arg[1] \OT1/ptm/m/n/10.95 is a list 
of pos-i-tive in-te-gers, then \OT1/pcr/m/n/10.95 EnumeratorOfSmallSemigroups \
OT1/ptm/m/n/10.95 re-turns
 []


Underfull \hbox (badness 1466) in paragraph at lines 2133--2134
\OT1/ptm/m/n/10.95 an enu-mer-a-tor of all the small semi-groups \OT1/pcr/m/n/1
0.95 S \OT1/ptm/m/n/10.95 in the li-brary with \OT1/pcr/m/n/10.95 Size(S) in ar
g[1] \OT1/ptm/m/n/10.95 and
 []


Underfull \hbox (badness 10000) in paragraph at lines 2135--2136
[]\OT1/ptm/m/n/10.95 If \OT1/pcr/m/n/10.95 arg[1] \OT1/ptm/m/n/10.95 is an enu-
mer-a-tor or it-er-a-tor of small semi-groups, then
 []


Underfull \hbox (badness 10000) in paragraph at lines 2162--2168

 []

[38]
Underfull \hbox (badness 10000) in paragraph at lines 2194--2197

 []


Underfull \hbox (badness 10000) in paragraph at lines 2206--2209

 []


Underfull \hbox (badness 2005) in paragraph at lines 2211--2213
[]\OT1/ptm/m/n/10.95 returns a list of the func-tions and their val-ues that we
re used to cre-ate the enu-mer-
 []


Underfull \hbox (badness 2970) in paragraph at lines 2211--2213
\OT1/ptm/m/n/10.95 a-tor of small semi-groups []. If you only want the names of
 these func-tions use
 []


Underfull \hbox (badness 10000) in paragraph at lines 2227--2230

 []

[39]
Underfull \hbox (badness 10000) in paragraph at lines 2248--2251

 []


Underfull \hbox (badness 1590) in paragraph at lines 2262--2263
[]\OT1/ptm/m/n/10.95 If \OT1/pcr/m/n/10.95 arg[1] \OT1/ptm/m/n/10.95 is a list 
of pos-i-tive in-te-gers, then \OT1/pcr/m/n/10.95 IdsOfSmallSemigroups \OT1/ptm
/m/n/10.95 re-turns a list of
 []


Underfull \hbox (badness 1033) in paragraph at lines 2262--2263
\OT1/ptm/m/n/10.95 the id num-bers of all the small semi-groups \OT1/pcr/m/n/10
.95 S \OT1/ptm/m/n/10.95 in the li-brary with \OT1/pcr/m/n/10.95 Size(S) in arg
[1] \OT1/ptm/m/n/10.95 and
 []


Underfull \hbox (badness 10000) in paragraph at lines 2283--2286

 []


Underfull \hbox (badness 10000) in paragraph at lines 2288--2289
[]\OT1/ptm/m/n/10.95 returns \OT1/pcr/m/n/10.95 true \OT1/ptm/m/n/10.95 if [] i
s an enu-mer-a-tor of small semi-groups cre-ated us-ing
 []

[40]
Underfull \hbox (badness 10000) in paragraph at lines 2301--2304

 []


Underfull \hbox (badness 10000) in paragraph at lines 2322--2325

 []


Underfull \hbox (badness 10000) in paragraph at lines 2327--2328
[]\OT1/ptm/m/n/10.95 returns \OT1/pcr/m/n/10.95 true \OT1/ptm/m/n/10.95 if [] i
s an it-er-a-tor of small semi-groups cre-ated us-ing
 []


Underfull \hbox (badness 10000) in paragraph at lines 2340--2343

 []


Underfull \hbox (badness 2922) in paragraph at lines 2356--2357
\OT1/ptm/m/n/10.95 re-turns an it-er-a-tor of all the small semi-groups \OT1/pc
r/m/n/10.95 S \OT1/ptm/m/n/10.95 in the li-brary with \OT1/pcr/m/n/10.95 S in a
rg[1] \OT1/ptm/m/n/10.95 and
 []

[41]
Underfull \hbox (badness 10000) in paragraph at lines 2387--2390

 []


Underfull \hbox (badness 10000) in paragraph at lines 2407--2410

 []


Underfull \hbox (badness 10000) in paragraph at lines 2427--2430

 []

[42]
Underfull \hbox (badness 1552) in paragraph at lines 2432--2433
\OT1/ptm/m/n/10.95 The num-ber will be re-turned for the re-spec-tive type of s
emi-group. By de-fault [] is
 []


Underfull \hbox (badness 10000) in paragraph at lines 2453--2456

 []


Underfull \hbox (badness 10000) in paragraph at lines 2492--2495

 []

[43]
Underfull \hbox (badness 10000) in paragraph at lines 2528--2531

 []


Underfull \hbox (badness 1092) in paragraph at lines 2536--2537
[]\OT1/ptm/m/n/10.95 The func-tion re-turns a list of the sec-ond com-po-nents 
of the \OT1/pcr/m/n/10.95 IdSmallSemigroup \OT1/ptm/m/n/10.95 ([][]4.1.6[][])
 []


Underfull \hbox (badness 1226) in paragraph at lines 2536--2537
\OT1/ptm/m/n/10.95 of all the small semi-groups \OT1/pcr/m/n/10.95 S \OT1/ptm/m
/n/10.95 in the li-brary sat-is-fy-ing \OT1/pcr/m/n/10.95 Size(S) \OT1/ptm/m/n/
10.95 in \OT1/pcr/m/n/10.95 arg[1] \OT1/ptm/m/n/10.95 or \OT1/pcr/m/n/10.95 Siz
e(S) \OT1/ptm/m/n/10.95 in
 []

[44]
Underfull \hbox (badness 10000) in paragraph at lines 2562--2565

 []


Underfull \hbox (badness 10000) in paragraph at lines 2583--2586

 []


Underfull \hbox (badness 10000) in paragraph at lines 2609--2612

 []

[45]
Underfull \hbox (badness 10000) in paragraph at lines 2644--2647

 []


Underfull \hbox (badness 10000) in paragraph at lines 2663--2666

 []


Underfull \hbox (badness 10000) in paragraph at lines 2682--2685

 []

[46] (./smallsemi.bbl (./smallsemi.brf)
\tf@brf=\write7
\openout7 = `smallsemi.brf'.

 [47]) (./smallsemi.ind [48

] [49

]
[50

]) (./smallsemi.aux) ) 
Here is how much of TeX's memory you used:
 4143 strings out of 94073
 59169 string characters out of 1162984
 114462 words of memory out of 1500000
 7100 multiletter control sequences out of 10000+50000
 48355 words of font info for 91 fonts, out of 1200000 for 2000
 645 hyphenation exceptions out of 8191
 27i,7n,30p,711b,705s stack positions out of 5000i,500n,6000p,200000b,5000s
{/usr/local/texlive/2007/texmf-dist/fonts/enc/dvips/base/
8r.enc}</usr/local/texlive/2007/texmf-dist/fonts/type1/bluesky/cm/cmmi10.pfb></
usr/local/texlive/2007/texmf-dist/fonts/type1/bluesky/cm/cmr10.pfb></usr/local/
texlive/2007/texmf-dist/fonts/type1/bluesky/cm/cmsy10.pfb></usr/local/texlive/2
007/texmf-dist/fonts/type1/bluesky/ams/msam10.pfb></usr/local/texlive/2007/texm
f-dist/fonts/type1/urw/courier/ucrr8a.pfb></usr/local/texlive/2007/texmf-dist/f
onts/type1/urw/courier/ucrro8a.pfb></usr/local/texlive/2007/texmf-dist/fonts/ty
pe1/urw/helvetic/uhvb8a.pfb></usr/local/texlive/2007/texmf-dist/fonts/type1/urw
/helvetic/uhvr8a.pfb></usr/local/texlive/2007/texmf-dist/fonts/type1/urw/helvet
ic/uhvro8a.pfb></usr/local/texlive/2007/texmf-dist/fonts/type1/urw/times/utmb8a
.pfb></usr/local/texlive/2007/texmf-dist/fonts/type1/urw/times/utmr8a.pfb></usr
/local/texlive/2007/texmf-dist/fonts/type1/urw/times/utmr8a.pfb></usr/local/tex
live/2007/texmf-dist/fonts/type1/urw/times/utmri8a.pfb>
Output written on smallsemi.pdf (50 pages, 332483 bytes).
PDF statistics:
 826 PDF objects out of 1000 (max. 8388607)
 252 named destinations out of 1000 (max. 131072)
 17 words of extra memory for PDF output out of 10000 (max. 10000000)

